<?xml version="1.0" encoding="UTF-8"?>
<testsuite name="StudentsManagementApplicationTest" tests="2" skipped="0" failures="0" errors="0" timestamp="2023-03-06T10:52:10" hostname="RAZVAN" time="0.099">
  <properties/>
  <testcase name="getGroupsWithMostStudents()" classname="StudentsManagementApplicationTest" time="0.089"/>
  <testcase name="generateGroups()" classname="StudentsManagementApplicationTest" time="0.004"/>
  <system-out><![CDATA[]]></system-out>
  <system-err><![CDATA[]]></system-err>
</testsuite>
